<?xml version="1.0" encoding="UTF-8"?>
<!-- Generated by org.testng.reporters.JUnitReportReporter -->
<testsuite hostname="Ayanava" failures="0" tests="5" name="test.TESTNG" time="0.019" errors="0" timestamp="2024-09-14T21:18:22 IST" skipped="0">
  <testcase classname="test.TESTNG" name="test" time="0.001"/>
  <system-out>
    <![CDATA[signup]]>
  </system-out>
  <testcase classname="test.TESTNG" name="test" time="0.001"/>
  <system-out>
    <![CDATA[signup]]>
  </system-out>
  <testcase classname="test.TESTNG" name="test" time="0.000"/>
  <system-out>
    <![CDATA[signup]]>
  </system-out>
  <testcase classname="test.TESTNG" name="test" time="0.001"/>
  <system-out>
    <![CDATA[signup]]>
  </system-out>
  <testcase classname="test.TESTNG" name="test" time="0.016"/>
  <system-out>
    <![CDATA[signup]]>
  </system-out>
</testsuite> <!-- test.TESTNG -->
