<?xml version="1.0" encoding="UTF-8"?>
<!-- Generated by org.testng.reporters.JUnitReportReporter -->
<testsuite hostname="DESKTOP-QSDKNBH" failures="0" tests="5" name="test.TESTNG" time="0.046" errors="0" timestamp="2024-03-17T11:14:35 IST" skipped="0">
  <testcase classname="test.TESTNG" name="test" time="0.002">
    <system-out>
      <![CDATA[signup]]>
    </system-out>
  </testcase> <!-- test -->
  <testcase classname="test.TESTNG" name="test" time="0.002">
    <system-out>
      <![CDATA[signup]]>
    </system-out>
  </testcase> <!-- test -->
  <testcase classname="test.TESTNG" name="test" time="0.015">
    <system-out>
      <![CDATA[signup]]>
    </system-out>
  </testcase> <!-- test -->
  <testcase classname="test.TESTNG" name="test" time="0.002">
    <system-out>
      <![CDATA[signup]]>
    </system-out>
  </testcase> <!-- test -->
  <testcase classname="test.TESTNG" name="test" time="0.025">
    <system-out>
      <![CDATA[signup]]>
    </system-out>
  </testcase> <!-- test -->
  <system-out>
    <![CDATA[signup
signup
signup
signup
signup]]>
  </system-out>
</testsuite> <!-- test.TESTNG -->
